<?xml version="1.0" encoding="UTF-8"?>
<!-- Generated by org.testng.reporters.JUnitReportReporter -->
<testsuite hostname="MBP-van-Linda.lan" failures="0" tests="3" name="examples.Controles" time="0.057" errors="0" timestamp="2018-09-07T09:53:56 CEST" skipped="0">
  <testcase classname="examples.Controles" name="assertBoolean" time="0.050"/>
  <testcase classname="examples.Controles" name="assertTextToContainNoneOfTheText" time="0.004"/>
  <testcase classname="examples.Controles" name="assertIntegerGreaterThan" time="0.003"/>
</testsuite> <!-- examples.Controles -->
