<?xml version="1.0" encoding="UTF-8"?>
<!-- Generated by org.testng.reporters.JUnitReportReporter -->
<testsuite hostname="MacBook-Pro-van-Linda.local" failures="0" tests="1" name="examples.AboutMethods" time="0.006" errors="0" timestamp="04 Sep 2018 13:32:03 GMT" skipped="0">
  <testcase classname="examples.AboutMethods" name="printProduct" time="0.006"/>
</testsuite> <!-- examples.AboutMethods -->
