<?xml version="1.0" encoding="UTF-8"?>
<!-- Generated by org.testng.reporters.JUnitReportReporter -->
<testsuite hostname="MacBook-Pro-van-Linda.local" failures="0" tests="1" name="examples.HelloWorldTest" time="0.006" errors="0" timestamp="04 Sep 2018 11:12:36 GMT" skipped="0">
  <testcase classname="examples.HelloWorldTest" name="printText" time="0.006"/>
</testsuite> <!-- examples.HelloWorldTest -->
