<?xml version="1.0" encoding="UTF-8"?>
<!-- Generated by org.testng.reporters.JUnitReportReporter -->
<testsuite hostname="MBP-van-Linda.lan" failures="0" tests="1" name="examples.FirstSeleniumTest" time="9.861" errors="0" timestamp="2018-09-07T10:21:19 CEST" skipped="0">
  <testcase classname="examples.FirstSeleniumTest" name="logInSuccesfull" time="9.861"/>
</testsuite> <!-- examples.FirstSeleniumTest -->
